<?xml version="1.0" encoding="UTF-8"?>
<testsuite xmlns:xsi="http://www.w3.org/2001/XMLSchema-instance" xsi:noNamespaceSchemaLocation="https://maven.apache.org/surefire/maven-surefire-plugin/xsd/surefire-test-report-3.0.xsd" version="3.0" name="TestSuite" time="171.988" tests="2" errors="0" skipped="0" failures="0">
  <properties>
[...]
</properties>
  <testcase name="contact_us" classname="com.Banking.Testcases.LoginTest" time="56.619">
    <system-out><![CDATA[chrome
isnide if
ChromeDriver: chrome on WINDOWS (3108da9336a14bf0203c395e2b07c226)
 INFO [main] (LoginTest.java:64)- url launched
inside constructor
 INFO [main] (LoginTest.java:68)- clicked on Contact us
]]></system-out>
    <system-err><![CDATA[Starting ChromeDriver 86.0.4240.22 (398b0743353ff36fb1b82468f63a3a93b4e2e89e-refs/branch-heads/4240@{#378}) on port 13600
Only local connections are allowed.
Please see https://chromedriver.chromium.org/security-considerations for suggestions on keeping ChromeDriver safe.
ChromeDriver was started successfully.
Oct 24, 2020 8:47:47 PM org.openqa.selenium.remote.ProtocolHandshake createSession
INFO: Detected dialect: W3C
]]></system-err>
  </testcase>
  <testcase name="logintest[ashokbabar2002@gmail.com, Pavan&amp;56789](1)" classname="com.Banking.Testcases.LoginTest" time="69.573">
    <system-out><![CDATA[chrome
isnide if
ChromeDriver: chrome on WINDOWS (021e662d3ee5c1f36232e8ff59c96f03)
 INFO [main] (LoginTest.java:25)- url launched
inside constructor
ashokbabar2002@gmail.com
 INFO [main] (LoginTest.java:36)- username entered
Pavan&56789
 INFO [main] (LoginTest.java:41)- password entered
 INFO [main] (LoginTest.java:48)- title is correct
]]></system-out>
    <system-err><![CDATA[Starting ChromeDriver 86.0.4240.22 (398b0743353ff36fb1b82468f63a3a93b4e2e89e-refs/branch-heads/4240@{#378}) on port 15284
Only local connections are allowed.
Please see https://chromedriver.chromium.org/security-considerations for suggestions on keeping ChromeDriver safe.
ChromeDriver was started successfully.
Oct 24, 2020 8:48:54 PM org.openqa.selenium.remote.ProtocolHandshake createSession
INFO: Detected dialect: W3C
]]></system-err>
  </testcase>
</testsuite>