<?xml version="1.0" encoding="UTF-8"?>
<testsuite xmlns:xsi="http://www.w3.org/2001/XMLSchema-instance" xsi:noNamespaceSchemaLocation="https://maven.apache.org/surefire/maven-surefire-plugin/xsd/surefire-test-report-3.0.xsd" version="3.0" name="TestSuite" time="631.46" tests="6" errors="0" skipped="5" failures="1">
  <properties>
[...]
</properties>
  <testcase name="initialize" classname="com.Banking.Testcases.LoginTest" time="628.928">
    <failure message="session not created&#10;from timeout: Timed out receiving message from renderer: 600.000&#10;  (Session info: chrome=87.0.4280.141)&#10;Build info: version: &apos;3.141.59&apos;, revision: &apos;e82be7d358&apos;, time: &apos;2018-11-14T08:17:03&apos;&#10;System info: host: &apos;SHREE-LAPTOP&apos;, ip: &apos;192.168.43.58&apos;, os.name: &apos;Windows 10&apos;, os.arch: &apos;amd64&apos;, os.version: &apos;10.0&apos;, java.version: &apos;1.8.0_241&apos;&#10;Driver info: driver.version: ChromeDriver&#10;remote stacktrace: Backtrace:&#10;	Ordinal0 [0x00CFC013+3194899]&#10;	Ordinal0 [0x00BE6021+2056225]&#10;	Ordinal0 [0x00A7F608+587272]&#10;	Ordinal0 [0x00A736EC+538348]&#10;	Ordinal0 [0x00A72A6F+535151]&#10;	Ordinal0 [0x00A72E45+536133]&#10;	Ordinal0 [0x00A727A5+534437]&#10;	Ordinal0 [0x00A7BBC9+572361]&#10;	Ordinal0 [0x00A72754+534356]&#10;	Ordinal0 [0x00A73475+537717]&#10;	Ordinal0 [0x00A72A6F+535151]&#10;	Ordinal0 [0x00A72E45+536133]&#10;	Ordinal0 [0x00A727A5+534437]&#10;	Ordinal0 [0x00A79EFE+564990]&#10;	Ordinal0 [0x00A72754+534356]&#10;	Ordinal0 [0x00A73475+537717]&#10;	Ordinal0 [0x00A72A6F+535151]&#10;	Ordinal0 [0x00A72E45+536133]&#10;	Ordinal0 [0x00A727A5+534437]&#10;	Ordinal0 [0x00A78186+557446]&#10;	Ordinal0 [0x00A72754+534356]&#10;	Ordinal0 [0x00A73475+537717]&#10;	Ordinal0 [0x00A72A6F+535151]&#10;	Ordinal0 [0x00A72E45+536133]&#10;	Ordinal0 [0x00A727A5+534437]&#10;	Ordinal0 [0x00A774A7+554151]&#10;	Ordinal0 [0x00A72754+534356]&#10;	Ordinal0 [0x00A73475+537717]&#10;	Ordinal0 [0x00A72A6F+535151]&#10;	Ordinal0 [0x00A72E45+536133]&#10;	Ordinal0 [0x00A727A5+534437]&#10;	Ordinal0 [0x00A6F06C+520300]&#10;	Ordinal0 [0x00A72754+534356]&#10;	Ordinal0 [0x00A725BF+533951]&#10;	Ordinal0 [0x00A723D3+533459]&#10;	Ordinal0 [0x00A80620+591392]&#10;	Ordinal0 [0x00A22A0C+207372]&#10;	Ordinal0 [0x00A21D0D+204045]&#10;	Ordinal0 [0x00A1FC1B+195611]&#10;	Ordinal0 [0x00A03B7F+80767]&#10;	Ordinal0 [0x00A04B4E+84814]&#10;	Ordinal0 [0x00A04AD9+84697]&#10;	Ordinal0 [0x00BFCE64+2149988]&#10;	GetHandleVerifier [0x00E6BE95+1400773]&#10;	GetHandleVerifier [0x00E6BB61+1399953]&#10;	GetHandleVerifier [0x00E731FA+1430314]&#10;	GetHandleVerifier [0x00E6C69F+1402831]&#10;	Ordinal0 [0x00BF3D61+2112865]&#10;	Ordinal0 [0x00BFE5CB+2155979]&#10;	Ordinal0 [0x00BFE6F5+2156277]&#10;	Ordinal0 [0x00C0F26E+2224750]&#10;	BaseThreadInitThunk [0x751A0419+25]&#10;	RtlGetAppContainerNamedObjectPath [0x77B5662D+237]&#10;	RtlGetAppContainerNamedObjectPath [0x77B565FD+189]&#10;" type="org.openqa.selenium.SessionNotCreatedException"><![CDATA[org.openqa.selenium.SessionNotCreatedException: 
session not created
from timeout: Timed out receiving message from renderer: 600.000
  (Session info: chrome=87.0.4280.141)
Build info: version: '3.141.59', revision: 'e82be7d358', time: '2018-11-14T08:17:03'
System info: host: 'SHREE-LAPTOP', ip: '192.168.43.58', os.name: 'Windows 10', os.arch: 'amd64', os.version: '10.0', java.version: '1.8.0_241'
Driver info: driver.version: ChromeDriver
remote stacktrace: Backtrace:
	Ordinal0 [0x00CFC013+3194899]
	Ordinal0 [0x00BE6021+2056225]
	Ordinal0 [0x00A7F608+587272]
	Ordinal0 [0x00A736EC+538348]
	Ordinal0 [0x00A72A6F+535151]
	Ordinal0 [0x00A72E45+536133]
	Ordinal0 [0x00A727A5+534437]
	Ordinal0 [0x00A7BBC9+572361]
	Ordinal0 [0x00A72754+534356]
	Ordinal0 [0x00A73475+537717]
	Ordinal0 [0x00A72A6F+535151]
	Ordinal0 [0x00A72E45+536133]
	Ordinal0 [0x00A727A5+534437]
	Ordinal0 [0x00A79EFE+564990]
	Ordinal0 [0x00A72754+534356]
	Ordinal0 [0x00A73475+537717]
	Ordinal0 [0x00A72A6F+535151]
	Ordinal0 [0x00A72E45+536133]
	Ordinal0 [0x00A727A5+534437]
	Ordinal0 [0x00A78186+557446]
	Ordinal0 [0x00A72754+534356]
	Ordinal0 [0x00A73475+537717]
	Ordinal0 [0x00A72A6F+535151]
	Ordinal0 [0x00A72E45+536133]
	Ordinal0 [0x00A727A5+534437]
	Ordinal0 [0x00A774A7+554151]
	Ordinal0 [0x00A72754+534356]
	Ordinal0 [0x00A73475+537717]
	Ordinal0 [0x00A72A6F+535151]
	Ordinal0 [0x00A72E45+536133]
	Ordinal0 [0x00A727A5+534437]
	Ordinal0 [0x00A6F06C+520300]
	Ordinal0 [0x00A72754+534356]
	Ordinal0 [0x00A725BF+533951]
	Ordinal0 [0x00A723D3+533459]
	Ordinal0 [0x00A80620+591392]
	Ordinal0 [0x00A22A0C+207372]
	Ordinal0 [0x00A21D0D+204045]
	Ordinal0 [0x00A1FC1B+195611]
	Ordinal0 [0x00A03B7F+80767]
	Ordinal0 [0x00A04B4E+84814]
	Ordinal0 [0x00A04AD9+84697]
	Ordinal0 [0x00BFCE64+2149988]
	GetHandleVerifier [0x00E6BE95+1400773]
	GetHandleVerifier [0x00E6BB61+1399953]
	GetHandleVerifier [0x00E731FA+1430314]
	GetHandleVerifier [0x00E6C69F+1402831]
	Ordinal0 [0x00BF3D61+2112865]
	Ordinal0 [0x00BFE5CB+2155979]
	Ordinal0 [0x00BFE6F5+2156277]
	Ordinal0 [0x00C0F26E+2224750]
	BaseThreadInitThunk [0x751A0419+25]
	RtlGetAppContainerNamedObjectPath [0x77B5662D+237]
	RtlGetAppContainerNamedObjectPath [0x77B565FD+189]

]]></failure>
    <system-out><![CDATA[chrome
isnide if
]]></system-out>
    <system-err><![CDATA[Starting ChromeDriver 86.0.4240.22 (398b0743353ff36fb1b82468f63a3a93b4e2e89e-refs/branch-heads/4240@{#378}) on port 13947
Only local connections are allowed.
Please see https://chromedriver.chromium.org/security-considerations for suggestions on keeping ChromeDriver safe.
ChromeDriver was started successfully.
[1610378486.870][WARNING]: This version of ChromeDriver has not been tested with Chrome version 87.
[1610379089.684][SEVERE]: Timed out receiving message from renderer: 600.000
]]></system-err>
  </testcase>
  <testcase name="login[ashokbabar2002@gmail.com, Pavan&amp;56789](1)" classname="com.Banking.Testcases.LoginTest" time="0">
    <skipped/>
  </testcase>
  <testcase name="teardown" classname="com.Banking.Testcases.LoginTest" time="0">
    <skipped/>
  </testcase>
  <testcase name="teardown" classname="com.Banking.Testcases.LoginTest" time="0">
    <skipped/>
  </testcase>
  <testcase name="contact_us" classname="com.Banking.Testcases.LoginTest" time="0">
    <skipped/>
  </testcase>
  <testcase name="closeBrowser" classname="com.Banking.Testcases.LoginTest" time="0">
    <skipped/>
  </testcase>
</testsuite>