<?xml version="1.0" encoding="UTF-8"?>
<testng-results skipped="2" failed="0" total="2" passed="0">
  <reporter-output>
  </reporter-output>
  <suite name="Suite" duration-ms="622133" started-at="2021-01-11T15:21:08Z" finished-at="2021-01-11T15:31:30Z">
    <groups>
    </groups>
    <test name="Banking Test" duration-ms="622133" started-at="2021-01-11T15:21:08Z" finished-at="2021-01-11T15:31:30Z">
      <class name="com.Banking.Testcases.LoginTest">
        <test-method status="FAIL" signature="initialize()[pri:0, instance:com.Banking.Testcases.LoginTest@1f1c7bf6]" name="initialize" is-config="true" duration-ms="0" started-at="2021-01-11T20:51:09Z" finished-at="2021-01-11T20:51:09Z">
          <exception class="org.openqa.selenium.SessionNotCreatedException">
            <message>
              <![CDATA[session not created
from timeout: Timed out receiving message from renderer: 600.000
  (Session info: chrome=87.0.4280.141)
Build info: version: '3.141.59', revision: 'e82be7d358', time: '2018-11-14T08:17:03'
System info: host: 'SHREE-LAPTOP', ip: '192.168.43.58', os.name: 'Windows 10', os.arch: 'amd64', os.version: '10.0', java.version: '1.8.0_241'
Driver info: driver.version: ChromeDriver
remote stacktrace: Backtrace:
	Ordinal0 [0x00CFC013+3194899]
	Ordinal0 [0x00BE6021+2056225]
	Ordinal0 [0x00A7F608+587272]
	Ordinal0 [0x00A736EC+538348]
	Ordinal0 [0x00A72A6F+535151]
	Ordinal0 [0x00A72E45+536133]
	Ordinal0 [0x00A727A5+534437]
	Ordinal0 [0x00A7BBC9+572361]
	Ordinal0 [0x00A72754+534356]
	Ordinal0 [0x00A73475+537717]
	Ordinal0 [0x00A72A6F+535151]
	Ordinal0 [0x00A72E45+536133]
	Ordinal0 [0x00A727A5+534437]
	Ordinal0 [0x00A79EFE+564990]
	Ordinal0 [0x00A72754+534356]
	Ordinal0 [0x00A73475+537717]
	Ordinal0 [0x00A72A6F+535151]
	Ordinal0 [0x00A72E45+536133]
	Ordinal0 [0x00A727A5+534437]
	Ordinal0 [0x00A78186+557446]
	Ordinal0 [0x00A72754+534356]
	Ordinal0 [0x00A73475+537717]
	Ordinal0 [0x00A72A6F+535151]
	Ordinal0 [0x00A72E45+536133]
	Ordinal0 [0x00A727A5+534437]
	Ordinal0 [0x00A774A7+554151]
	Ordinal0 [0x00A72754+534356]
	Ordinal0 [0x00A73475+537717]
	Ordinal0 [0x00A72A6F+535151]
	Ordinal0 [0x00A72E45+536133]
	Ordinal0 [0x00A727A5+534437]
	Ordinal0 [0x00A6F06C+520300]
	Ordinal0 [0x00A72754+534356]
	Ordinal0 [0x00A725BF+533951]
	Ordinal0 [0x00A723D3+533459]
	Ordinal0 [0x00A80620+591392]
	Ordinal0 [0x00A22A0C+207372]
	Ordinal0 [0x00A21D0D+204045]
	Ordinal0 [0x00A1FC1B+195611]
	Ordinal0 [0x00A03B7F+80767]
	Ordinal0 [0x00A04B4E+84814]
	Ordinal0 [0x00A04AD9+84697]
	Ordinal0 [0x00BFCE64+2149988]
	GetHandleVerifier [0x00E6BE95+1400773]
	GetHandleVerifier [0x00E6BB61+1399953]
	GetHandleVerifier [0x00E731FA+1430314]
	GetHandleVerifier [0x00E6C69F+1402831]
	Ordinal0 [0x00BF3D61+2112865]
	Ordinal0 [0x00BFE5CB+2155979]
	Ordinal0 [0x00BFE6F5+2156277]
	Ordinal0 [0x00C0F26E+2224750]
	BaseThreadInitThunk [0x751A0419+25]
	RtlGetAppContainerNamedObjectPath [0x77B5662D+237]
	RtlGetAppContainerNamedObjectPath [0x77B565FD+189]
]]>
            </message>
            <full-stacktrace>
              <![CDATA[org.openqa.selenium.SessionNotCreatedException: session not created
from timeout: Timed out receiving message from renderer: 600.000
  (Session info: chrome=87.0.4280.141)
Build info: version: '3.141.59', revision: 'e82be7d358', time: '2018-11-14T08:17:03'
System info: host: 'SHREE-LAPTOP', ip: '192.168.43.58', os.name: 'Windows 10', os.arch: 'amd64', os.version: '10.0', java.version: '1.8.0_241'
Driver info: driver.version: ChromeDriver
remote stacktrace: Backtrace:
	Ordinal0 [0x00CFC013+3194899]
	Ordinal0 [0x00BE6021+2056225]
	Ordinal0 [0x00A7F608+587272]
	Ordinal0 [0x00A736EC+538348]
	Ordinal0 [0x00A72A6F+535151]
	Ordinal0 [0x00A72E45+536133]
	Ordinal0 [0x00A727A5+534437]
	Ordinal0 [0x00A7BBC9+572361]
	Ordinal0 [0x00A72754+534356]
	Ordinal0 [0x00A73475+537717]
	Ordinal0 [0x00A72A6F+535151]
	Ordinal0 [0x00A72E45+536133]
	Ordinal0 [0x00A727A5+534437]
	Ordinal0 [0x00A79EFE+564990]
	Ordinal0 [0x00A72754+534356]
	Ordinal0 [0x00A73475+537717]
	Ordinal0 [0x00A72A6F+535151]
	Ordinal0 [0x00A72E45+536133]
	Ordinal0 [0x00A727A5+534437]
	Ordinal0 [0x00A78186+557446]
	Ordinal0 [0x00A72754+534356]
	Ordinal0 [0x00A73475+537717]
	Ordinal0 [0x00A72A6F+535151]
	Ordinal0 [0x00A72E45+536133]
	Ordinal0 [0x00A727A5+534437]
	Ordinal0 [0x00A774A7+554151]
	Ordinal0 [0x00A72754+534356]
	Ordinal0 [0x00A73475+537717]
	Ordinal0 [0x00A72A6F+535151]
	Ordinal0 [0x00A72E45+536133]
	Ordinal0 [0x00A727A5+534437]
	Ordinal0 [0x00A6F06C+520300]
	Ordinal0 [0x00A72754+534356]
	Ordinal0 [0x00A725BF+533951]
	Ordinal0 [0x00A723D3+533459]
	Ordinal0 [0x00A80620+591392]
	Ordinal0 [0x00A22A0C+207372]
	Ordinal0 [0x00A21D0D+204045]
	Ordinal0 [0x00A1FC1B+195611]
	Ordinal0 [0x00A03B7F+80767]
	Ordinal0 [0x00A04B4E+84814]
	Ordinal0 [0x00A04AD9+84697]
	Ordinal0 [0x00BFCE64+2149988]
	GetHandleVerifier [0x00E6BE95+1400773]
	GetHandleVerifier [0x00E6BB61+1399953]
	GetHandleVerifier [0x00E731FA+1430314]
	GetHandleVerifier [0x00E6C69F+1402831]
	Ordinal0 [0x00BF3D61+2112865]
	Ordinal0 [0x00BFE5CB+2155979]
	Ordinal0 [0x00BFE6F5+2156277]
	Ordinal0 [0x00C0F26E+2224750]
	BaseThreadInitThunk [0x751A0419+25]
	RtlGetAppContainerNamedObjectPath [0x77B5662D+237]
	RtlGetAppContainerNamedObjectPath [0x77B565FD+189]

	at sun.reflect.NativeConstructorAccessorImpl.newInstance0(Native Method)
	at sun.reflect.NativeConstructorAccessorImpl.newInstance(NativeConstructorAccessorImpl.java:62)
	at sun.reflect.DelegatingConstructorAccessorImpl.newInstance(DelegatingConstructorAccessorImpl.java:45)
	at java.lang.reflect.Constructor.newInstance(Constructor.java:423)
	at org.openqa.selenium.remote.W3CHandshakeResponse.lambda$errorHandler$0(W3CHandshakeResponse.java:62)
	at org.openqa.selenium.remote.HandshakeResponse.lambda$getResponseFunction$0(HandshakeResponse.java:30)
	at org.openqa.selenium.remote.ProtocolHandshake.lambda$createSession$0(ProtocolHandshake.java:126)
	at java.util.stream.ReferencePipeline$3$1.accept(ReferencePipeline.java:193)
	at java.util.Spliterators$ArraySpliterator.tryAdvance(Spliterators.java:958)
	at java.util.stream.ReferencePipeline.forEachWithCancel(ReferencePipeline.java:126)
	at java.util.stream.AbstractPipeline.copyIntoWithCancel(AbstractPipeline.java:499)
	at java.util.stream.AbstractPipeline.copyInto(AbstractPipeline.java:486)
	at java.util.stream.AbstractPipeline.wrapAndCopyInto(AbstractPipeline.java:472)
	at java.util.stream.FindOps$FindOp.evaluateSequential(FindOps.java:152)
	at java.util.stream.AbstractPipeline.evaluate(AbstractPipeline.java:234)
	at java.util.stream.ReferencePipeline.findFirst(ReferencePipeline.java:464)
	at org.openqa.selenium.remote.ProtocolHandshake.createSession(ProtocolHandshake.java:128)
	at org.openqa.selenium.remote.ProtocolHandshake.createSession(ProtocolHandshake.java:74)
	at org.openqa.selenium.remote.HttpCommandExecutor.execute(HttpCommandExecutor.java:136)
	at org.openqa.selenium.remote.service.DriverCommandExecutor.execute(DriverCommandExecutor.java:83)
	at org.openqa.selenium.remote.RemoteWebDriver.execute(RemoteWebDriver.java:552)
	at org.openqa.selenium.remote.RemoteWebDriver.startSession(RemoteWebDriver.java:213)
	at org.openqa.selenium.remote.RemoteWebDriver.<init>(RemoteWebDriver.java:131)
	at org.openqa.selenium.chrome.ChromeDriver.<init>(ChromeDriver.java:181)
	at org.openqa.selenium.chrome.ChromeDriver.<init>(ChromeDriver.java:168)
	at org.openqa.selenium.chrome.ChromeDriver.<init>(ChromeDriver.java:123)
	at com.Banking.Testcases.BaseTest.initialize(BaseTest.java:43)
	at sun.reflect.NativeMethodAccessorImpl.invoke0(Native Method)
	at sun.reflect.NativeMethodAccessorImpl.invoke(NativeMethodAccessorImpl.java:62)
	at sun.reflect.DelegatingMethodAccessorImpl.invoke(DelegatingMethodAccessorImpl.java:43)
	at java.lang.reflect.Method.invoke(Method.java:498)
	at org.testng.internal.MethodInvocationHelper.invokeMethod(MethodInvocationHelper.java:84)
	at org.testng.internal.Invoker.invokeConfigurationMethod(Invoker.java:564)
	at org.testng.internal.Invoker.invokeConfigurations(Invoker.java:213)
	at org.testng.internal.Invoker.invokeConfigurations(Invoker.java:138)
	at org.testng.internal.TestMethodWorker.invokeBeforeClassMethods(TestMethodWorker.java:175)
	at org.testng.internal.TestMethodWorker.run(TestMethodWorker.java:107)
	at org.testng.TestRunner.privateRun(TestRunner.java:767)
	at org.testng.TestRunner.run(TestRunner.java:617)
	at org.testng.SuiteRunner.runTest(SuiteRunner.java:348)
	at org.testng.SuiteRunner.runSequentially(SuiteRunner.java:343)
	at org.testng.SuiteRunner.privateRun(SuiteRunner.java:305)
	at org.testng.SuiteRunner.run(SuiteRunner.java:254)
	at org.testng.SuiteRunnerWorker.runSuite(SuiteRunnerWorker.java:52)
	at org.testng.SuiteRunnerWorker.run(SuiteRunnerWorker.java:86)
	at org.testng.TestNG.runSuitesSequentially(TestNG.java:1224)
	at org.testng.TestNG.runSuitesLocally(TestNG.java:1149)
	at org.testng.TestNG.run(TestNG.java:1057)
	at org.apache.maven.surefire.testng.TestNGExecutor.run(TestNGExecutor.java:284)
	at org.apache.maven.surefire.testng.TestNGXmlTestSuite.execute(TestNGXmlTestSuite.java:75)
	at org.apache.maven.surefire.testng.TestNGProvider.invoke(TestNGProvider.java:119)
	at org.apache.maven.surefire.booter.ForkedBooter.runSuitesInProcess(ForkedBooter.java:428)
	at org.apache.maven.surefire.booter.ForkedBooter.execute(ForkedBooter.java:162)
	at org.apache.maven.surefire.booter.ForkedBooter.run(ForkedBooter.java:562)
	at org.apache.maven.surefire.booter.ForkedBooter.main(ForkedBooter.java:548)
]]>
            </full-stacktrace>
          </exception> <!-- org.openqa.selenium.SessionNotCreatedException -->
          <reporter-output>
          </reporter-output>
        </test-method> <!-- initialize -->
        <test-method status="SKIP" signature="login(java.lang.String, java.lang.String)[pri:0, instance:com.Banking.Testcases.LoginTest@1f1c7bf6]" name="login" duration-ms="2" started-at="2021-01-11T21:01:30Z" data-provider="getdata" finished-at="2021-01-11T21:01:30Z">
          <params>
            <param index="0">
              <value>
                <![CDATA[ashokbabar2002@gmail.com]]>
              </value>
            </param>
            <param index="1">
              <value>
                <![CDATA[Pavan&56789]]>
              </value>
            </param>
          </params>
          <reporter-output>
          </reporter-output>
        </test-method> <!-- login -->
        <test-method status="SKIP" signature="teardown(org.testng.ITestResult)[pri:0, instance:com.Banking.Testcases.LoginTest@1f1c7bf6]" name="teardown" is-config="true" duration-ms="0" started-at="2021-01-11T21:01:30Z" finished-at="2021-01-11T21:01:30Z">
          <reporter-output>
          </reporter-output>
        </test-method> <!-- teardown -->
        <test-method status="SKIP" signature="contact_us()[pri:0, instance:com.Banking.Testcases.LoginTest@1f1c7bf6]" name="contact_us" duration-ms="4" started-at="2021-01-11T21:01:30Z" finished-at="2021-01-11T21:01:30Z">
          <reporter-output>
          </reporter-output>
        </test-method> <!-- contact_us -->
        <test-method status="SKIP" signature="teardown(org.testng.ITestResult)[pri:0, instance:com.Banking.Testcases.LoginTest@1f1c7bf6]" name="teardown" is-config="true" duration-ms="0" started-at="2021-01-11T21:01:30Z" finished-at="2021-01-11T21:01:30Z">
          <reporter-output>
          </reporter-output>
        </test-method> <!-- teardown -->
        <test-method status="SKIP" signature="closeBrowser()[pri:0, instance:com.Banking.Testcases.LoginTest@1f1c7bf6]" name="closeBrowser" is-config="true" duration-ms="0" started-at="2021-01-11T21:01:30Z" finished-at="2021-01-11T21:01:30Z">
          <reporter-output>
          </reporter-output>
        </test-method> <!-- closeBrowser -->
      </class> <!-- com.Banking.Testcases.LoginTest -->
    </test> <!-- Banking Test -->
  </suite> <!-- Suite -->
</testng-results>
