<?xml version="1.0" encoding="UTF-8"?>
<testng-results skipped="0" failed="0" total="2" passed="2">
  <reporter-output>
  </reporter-output>
  <suite name="Suite" duration-ms="92357" started-at="2021-01-10T03:42:43Z" finished-at="2021-01-10T03:44:15Z">
    <groups>
    </groups>
    <test name="Banking Test" duration-ms="92357" started-at="2021-01-10T03:42:43Z" finished-at="2021-01-10T03:44:15Z">
      <class name="com.Banking.Testcases.LoginTest">
        <test-method status="PASS" signature="initialize()[pri:0, instance:com.Banking.Testcases.LoginTest@19d37183]" name="initialize" is-config="true" duration-ms="23498" started-at="2021-01-10T09:12:43Z" finished-at="2021-01-10T09:13:07Z">
          <reporter-output>
          </reporter-output>
        </test-method> <!-- initialize -->
        <test-method status="PASS" signature="login(java.lang.String, java.lang.String)[pri:0, instance:com.Banking.Testcases.LoginTest@19d37183]" name="login" duration-ms="55291" started-at="2021-01-10T09:13:07Z" data-provider="getdata" finished-at="2021-01-10T09:14:02Z">
          <params>
            <param index="0">
              <value>
                <![CDATA[ashokbabar2002@gmail.com]]>
              </value>
            </param>
            <param index="1">
              <value>
                <![CDATA[Pavan&56789]]>
              </value>
            </param>
          </params>
          <reporter-output>
          </reporter-output>
        </test-method> <!-- login -->
        <test-method status="PASS" signature="teardown(org.testng.ITestResult)[pri:0, instance:com.Banking.Testcases.LoginTest@19d37183]" name="teardown" is-config="true" duration-ms="2" started-at="2021-01-10T09:14:02Z" finished-at="2021-01-10T09:14:02Z">
          <params>
            <param index="0">
              <value>
                <![CDATA[[TestResult name=login status=SUCCESS method=LoginTest.login(java.lang.String, java.lang.String)[pri:0, instance:com.Banking.Testcases.LoginTest@19d37183] output={null}]]]>
              </value>
            </param>
          </params>
          <reporter-output>
          </reporter-output>
        </test-method> <!-- teardown -->
        <test-method status="PASS" signature="contact_us()[pri:0, instance:com.Banking.Testcases.LoginTest@19d37183]" name="contact_us" duration-ms="12332" started-at="2021-01-10T09:14:02Z" finished-at="2021-01-10T09:14:15Z">
          <reporter-output>
          </reporter-output>
        </test-method> <!-- contact_us -->
        <test-method status="PASS" signature="teardown(org.testng.ITestResult)[pri:0, instance:com.Banking.Testcases.LoginTest@19d37183]" name="teardown" is-config="true" duration-ms="0" started-at="2021-01-10T09:14:15Z" finished-at="2021-01-10T09:14:15Z">
          <params>
            <param index="0">
              <value>
                <![CDATA[[TestResult name=contact_us status=SUCCESS method=LoginTest.contact_us()[pri:0, instance:com.Banking.Testcases.LoginTest@19d37183] output={null}]]]>
              </value>
            </param>
          </params>
          <reporter-output>
          </reporter-output>
        </test-method> <!-- teardown -->
        <test-method status="PASS" signature="closeBrowser()[pri:0, instance:com.Banking.Testcases.LoginTest@19d37183]" name="closeBrowser" is-config="true" duration-ms="469" started-at="2021-01-10T09:14:15Z" finished-at="2021-01-10T09:14:15Z">
          <reporter-output>
          </reporter-output>
        </test-method> <!-- closeBrowser -->
      </class> <!-- com.Banking.Testcases.LoginTest -->
    </test> <!-- Banking Test -->
  </suite> <!-- Suite -->
</testng-results>
